<?xml version="1.0" encoding="UTF-8"?>
<testsuite name="com.mindex.challenge.ChallengeApplicationTests" tests="1" skipped="0" failures="0" errors="0" timestamp="2023-02-26T15:07:09" hostname="Toms-MacBook-Pro.local" time="0.273">
  <properties/>
  <testcase name="contextLoads" classname="com.mindex.challenge.ChallengeApplicationTests" time="0.273"/>
  <system-out><![CDATA[10:07:07.526 [Test worker] DEBUG org.springframework.test.context.junit4.SpringJUnit4ClassRunner - SpringJUnit4ClassRunner constructor called with [class com.mindex.challenge.ChallengeApplicationTests]
10:07:07.531 [Test worker] DEBUG org.springframework.test.context.BootstrapUtils - Instantiating CacheAwareContextLoaderDelegate from class [org.springframework.test.context.cache.DefaultCacheAwareContextLoaderDelegate]
10:07:07.535 [Test worker] DEBUG org.springframework.test.context.BootstrapUtils - Instantiating BootstrapContext using constructor [public org.springframework.test.context.support.DefaultBootstrapContext(java.lang.Class,org.springframework.test.context.CacheAwareContextLoaderDelegate)]
10:07:07.552 [Test worker] DEBUG org.springframework.test.context.BootstrapUtils - Instantiating TestContextBootstrapper for test class [com.mindex.challenge.ChallengeApplicationTests] from class [org.springframework.boot.test.context.SpringBootTestContextBootstrapper]
10:07:07.560 [Test worker] INFO org.springframework.boot.test.context.SpringBootTestContextBootstrapper - Neither @ContextConfiguration nor @ContextHierarchy found for test class [com.mindex.challenge.ChallengeApplicationTests], using SpringBootContextLoader
10:07:07.562 [Test worker] DEBUG org.springframework.test.context.support.AbstractContextLoader - Did not detect default resource location for test class [com.mindex.challenge.ChallengeApplicationTests]: class path resource [com/mindex/challenge/ChallengeApplicationTests-context.xml] does not exist
10:07:07.562 [Test worker] DEBUG org.springframework.test.context.support.AbstractContextLoader - Did not detect default resource location for test class [com.mindex.challenge.ChallengeApplicationTests]: class path resource [com/mindex/challenge/ChallengeApplicationTestsContext.groovy] does not exist
10:07:07.562 [Test worker] INFO org.springframework.test.context.support.AbstractContextLoader - Could not detect default resource locations for test class [com.mindex.challenge.ChallengeApplicationTests]: no resource found for suffixes {-context.xml, Context.groovy}.
10:07:07.562 [Test worker] INFO org.springframework.test.context.support.AnnotationConfigContextLoaderUtils - Could not detect default configuration classes for test class [com.mindex.challenge.ChallengeApplicationTests]: ChallengeApplicationTests does not declare any static, non-private, non-final, nested classes annotated with @Configuration.
10:07:07.579 [Test worker] DEBUG org.springframework.test.context.support.ActiveProfilesUtils - Could not find an 'annotation declaring class' for annotation type [org.springframework.test.context.ActiveProfiles] and class [com.mindex.challenge.ChallengeApplicationTests]
10:07:07.610 [Test worker] DEBUG org.springframework.context.annotation.ClassPathScanningCandidateComponentProvider - Identified candidate component class: file [/Users/tomstlouis/Downloads/mindex-java-code-challenge/build/classes/java/main/com/mindex/challenge/ChallengeApplication.class]
10:07:07.611 [Test worker] INFO org.springframework.boot.test.context.SpringBootTestContextBootstrapper - Found @SpringBootConfiguration com.mindex.challenge.ChallengeApplication for test class com.mindex.challenge.ChallengeApplicationTests
10:07:07.646 [Test worker] DEBUG org.springframework.boot.test.context.SpringBootTestContextBootstrapper - @TestExecutionListeners is not present for class [com.mindex.challenge.ChallengeApplicationTests]: using defaults.
10:07:07.646 [Test worker] INFO org.springframework.boot.test.context.SpringBootTestContextBootstrapper - Loaded default TestExecutionListener class names from location [META-INF/spring.factories]: [org.springframework.boot.test.autoconfigure.restdocs.RestDocsTestExecutionListener, org.springframework.boot.test.autoconfigure.web.client.MockRestServiceServerResetTestExecutionListener, org.springframework.boot.test.autoconfigure.web.servlet.MockMvcPrintOnlyOnFailureTestExecutionListener, org.springframework.boot.test.autoconfigure.web.servlet.WebDriverTestExecutionListener, org.springframework.boot.test.mock.mockito.MockitoTestExecutionListener, org.springframework.boot.test.mock.mockito.ResetMocksTestExecutionListener, org.springframework.test.context.web.ServletTestExecutionListener, org.springframework.test.context.support.DirtiesContextBeforeModesTestExecutionListener, org.springframework.test.context.support.DependencyInjectionTestExecutionListener, org.springframework.test.context.support.DirtiesContextTestExecutionListener, org.springframework.test.context.transaction.TransactionalTestExecutionListener, org.springframework.test.context.jdbc.SqlScriptsTestExecutionListener, org.springframework.test.context.event.EventPublishingTestExecutionListener]
10:07:07.652 [Test worker] INFO org.springframework.boot.test.context.SpringBootTestContextBootstrapper - Using TestExecutionListeners: [org.springframework.test.context.web.ServletTestExecutionListener@67f2f1cb, org.springframework.test.context.support.DirtiesContextBeforeModesTestExecutionListener@6fe6ed96, org.springframework.boot.test.mock.mockito.MockitoTestExecutionListener@55fb533d, org.springframework.boot.test.autoconfigure.SpringBootDependencyInjectionTestExecutionListener@5ac7eb71, org.springframework.test.context.support.DirtiesContextTestExecutionListener@2a4b354b, org.springframework.test.context.transaction.TransactionalTestExecutionListener@7299f7c9, org.springframework.test.context.jdbc.SqlScriptsTestExecutionListener@7d74301c, org.springframework.test.context.event.EventPublishingTestExecutionListener@188dc0a0, org.springframework.boot.test.autoconfigure.restdocs.RestDocsTestExecutionListener@6b9f4f97, org.springframework.boot.test.autoconfigure.web.client.MockRestServiceServerResetTestExecutionListener@5685ca92, org.springframework.boot.test.autoconfigure.web.servlet.MockMvcPrintOnlyOnFailureTestExecutionListener@aadf48e, org.springframework.boot.test.autoconfigure.web.servlet.WebDriverTestExecutionListener@7c53bdbb, org.springframework.boot.test.mock.mockito.ResetMocksTestExecutionListener@6da1a651]
10:07:07.653 [Test worker] DEBUG org.springframework.test.annotation.ProfileValueUtils - Retrieved @ProfileValueSourceConfiguration [null] for test class [com.mindex.challenge.ChallengeApplicationTests]
10:07:07.653 [Test worker] DEBUG org.springframework.test.annotation.ProfileValueUtils - Retrieved ProfileValueSource type [class org.springframework.test.annotation.SystemProfileValueSource] for class [com.mindex.challenge.ChallengeApplicationTests]
10:07:07.655 [Test worker] DEBUG org.springframework.test.annotation.ProfileValueUtils - Retrieved @ProfileValueSourceConfiguration [null] for test class [com.mindex.challenge.ChallengeApplicationTests]
10:07:07.655 [Test worker] DEBUG org.springframework.test.annotation.ProfileValueUtils - Retrieved ProfileValueSource type [class org.springframework.test.annotation.SystemProfileValueSource] for class [com.mindex.challenge.ChallengeApplicationTests]
10:07:07.655 [Test worker] DEBUG org.springframework.test.annotation.ProfileValueUtils - Retrieved @ProfileValueSourceConfiguration [null] for test class [com.mindex.challenge.ChallengeApplicationTests]
10:07:07.655 [Test worker] DEBUG org.springframework.test.annotation.ProfileValueUtils - Retrieved ProfileValueSource type [class org.springframework.test.annotation.SystemProfileValueSource] for class [com.mindex.challenge.ChallengeApplicationTests]
10:07:07.656 [Test worker] DEBUG org.springframework.test.context.support.AbstractDirtiesContextTestExecutionListener - Before test class: context [DefaultTestContext@265fed6f testClass = ChallengeApplicationTests, testInstance = [null], testMethod = [null], testException = [null], mergedContextConfiguration = [WebMergedContextConfiguration@5b1cb549 testClass = ChallengeApplicationTests, locations = '{}', classes = '{class com.mindex.challenge.ChallengeApplication}', contextInitializerClasses = '[]', activeProfiles = '{}', propertySourceLocations = '{}', propertySourceProperties = '{org.springframework.boot.test.context.SpringBootTestContextBootstrapper=true, server.port=0}', contextCustomizers = set[org.springframework.boot.test.autoconfigure.properties.PropertyMappingContextCustomizer@0, org.springframework.boot.test.autoconfigure.web.servlet.WebDriverContextCustomizerFactory$Customizer@6a2c071d, org.springframework.boot.test.context.filter.ExcludeFilterContextCustomizer@29d732b5, org.springframework.boot.test.json.DuplicateJsonObjectContextCustomizerFactory$DuplicateJsonObjectContextCustomizer@6028591c, org.springframework.boot.test.mock.mockito.MockitoContextCustomizer@0, org.springframework.boot.test.web.client.TestRestTemplateContextCustomizer@66ee41cf], resourceBasePath = 'src/main/webapp', contextLoader = 'org.springframework.boot.test.context.SpringBootContextLoader', parent = [null]], attributes = map['org.springframework.test.context.web.ServletTestExecutionListener.activateListener' -> false]], class annotated with @DirtiesContext [false] with mode [null].
10:07:07.657 [Test worker] DEBUG org.springframework.test.annotation.ProfileValueUtils - Retrieved @ProfileValueSourceConfiguration [null] for test class [com.mindex.challenge.ChallengeApplicationTests]
10:07:07.657 [Test worker] DEBUG org.springframework.test.annotation.ProfileValueUtils - Retrieved ProfileValueSource type [class org.springframework.test.annotation.SystemProfileValueSource] for class [com.mindex.challenge.ChallengeApplicationTests]
10:07:07.659 [Test worker] DEBUG org.springframework.test.context.support.DependencyInjectionTestExecutionListener - Performing dependency injection for test context [[DefaultTestContext@265fed6f testClass = ChallengeApplicationTests, testInstance = com.mindex.challenge.ChallengeApplicationTests@38fdfa86, testMethod = [null], testException = [null], mergedContextConfiguration = [WebMergedContextConfiguration@5b1cb549 testClass = ChallengeApplicationTests, locations = '{}', classes = '{class com.mindex.challenge.ChallengeApplication}', contextInitializerClasses = '[]', activeProfiles = '{}', propertySourceLocations = '{}', propertySourceProperties = '{org.springframework.boot.test.context.SpringBootTestContextBootstrapper=true, server.port=0}', contextCustomizers = set[org.springframework.boot.test.autoconfigure.properties.PropertyMappingContextCustomizer@0, org.springframework.boot.test.autoconfigure.web.servlet.WebDriverContextCustomizerFactory$Customizer@6a2c071d, org.springframework.boot.test.context.filter.ExcludeFilterContextCustomizer@29d732b5, org.springframework.boot.test.json.DuplicateJsonObjectContextCustomizerFactory$DuplicateJsonObjectContextCustomizer@6028591c, org.springframework.boot.test.mock.mockito.MockitoContextCustomizer@0, org.springframework.boot.test.web.client.TestRestTemplateContextCustomizer@66ee41cf], resourceBasePath = 'src/main/webapp', contextLoader = 'org.springframework.boot.test.context.SpringBootContextLoader', parent = [null]], attributes = map['org.springframework.test.context.web.ServletTestExecutionListener.activateListener' -> false]]].
10:07:07.666 [Test worker] DEBUG org.springframework.test.context.support.TestPropertySourceUtils - Adding inlined properties to environment: {spring.jmx.enabled=false, org.springframework.boot.test.context.SpringBootTestContextBootstrapper=true, server.port=0}

  .   ____          _            __ _ _
 /\\ / ___'_ __ _ _(_)_ __  __ _ \ \ \ \
( ( )\___ | '_ | '_| | '_ \/ _` | \ \ \ \
 \\/  ___)| |_)| | | | | || (_| |  ) ) ) )
  '  |____| .__|_| |_|_| |_\__, | / / / /
 =========|_|==============|___/=/_/_/_/
 :: Spring Boot ::        (v2.2.0.RELEASE)

2023-02-26 10:07:07.806  INFO 85433 --- [    Test worker] c.m.challenge.ChallengeApplicationTests  : Starting ChallengeApplicationTests on Toms-MacBook-Pro.local with PID 85433 (started by tomstlouis in /Users/tomstlouis/Downloads/mindex-java-code-challenge)
2023-02-26 10:07:07.806 DEBUG 85433 --- [    Test worker] c.m.challenge.ChallengeApplicationTests  : Running with Spring Boot v2.2.0.RELEASE, Spring v5.2.0.RELEASE
2023-02-26 10:07:07.807  INFO 85433 --- [    Test worker] c.m.challenge.ChallengeApplicationTests  : No active profile set, falling back to default profiles: default
2023-02-26 10:07:07.971  INFO 85433 --- [    Test worker] .s.d.r.c.RepositoryConfigurationDelegate : Bootstrapping Spring Data repositories in DEFAULT mode.
2023-02-26 10:07:07.995  INFO 85433 --- [    Test worker] .s.d.r.c.RepositoryConfigurationDelegate : Finished Spring Data repository scanning in 22ms. Found 1 repository interfaces.
2023-02-26 10:07:08.298  INFO 85433 --- [    Test worker] o.s.b.w.embedded.tomcat.TomcatWebServer  : Tomcat initialized with port(s): 0 (http)
2023-02-26 10:07:08.303  INFO 85433 --- [    Test worker] o.apache.catalina.core.StandardService   : Starting service [Tomcat]
2023-02-26 10:07:08.303  INFO 85433 --- [    Test worker] org.apache.catalina.core.StandardEngine  : Starting Servlet engine: [Apache Tomcat/9.0.27]
2023-02-26 10:07:08.345  INFO 85433 --- [    Test worker] o.a.c.c.C.[Tomcat].[localhost].[/]       : Initializing Spring embedded WebApplicationContext
2023-02-26 10:07:08.345  INFO 85433 --- [    Test worker] o.s.web.context.ContextLoader            : Root WebApplicationContext: initialization completed in 529 ms
2023-02-26 10:07:08.473  INFO 85433 --- [    Test worker] de.bwaldvogel.mongo.MongoServer          : started MongoServer(port: 64294, ssl: false)
2023-02-26 10:07:08.498  INFO 85433 --- [    Test worker] org.mongodb.driver.cluster               : Cluster created with settings {hosts=[127.0.0.1:64294], mode=SINGLE, requiredClusterType=UNKNOWN, serverSelectionTimeout='30000 ms', maxWaitQueueSize=500}
2023-02-26 10:07:08.525  INFO 85433 --- [-server-worker1] d.b.mongo.wire.MongoWireProtocolHandler  : client [id: 0xfd0436b6, L:/127.0.0.1:64294 - R:/127.0.0.1:64295] connected
2023-02-26 10:07:08.561  WARN 85433 --- [    Test worker] o.s.data.convert.CustomConversions       : Registering converter from class java.time.LocalDateTime to class java.time.Instant as reading converter although it doesn't convert from a store-supported type! You might wanna check you annotation setup at the converter implementation.
2023-02-26 10:07:08.562  WARN 85433 --- [    Test worker] o.s.data.convert.CustomConversions       : Registering converter from class java.time.Instant to class java.time.LocalDateTime as reading converter although it doesn't convert from a store-supported type! You might wanna check you annotation setup at the converter implementation.
2023-02-26 10:07:08.563  INFO 85433 --- [127.0.0.1:64294] org.mongodb.driver.connection            : Opened connection [connectionId{localValue:1}] to 127.0.0.1:64294
2023-02-26 10:07:08.564  WARN 85433 --- [    Test worker] o.s.data.convert.CustomConversions       : Registering converter from class java.time.LocalDateTime to class java.time.Instant as reading converter although it doesn't convert from a store-supported type! You might wanna check you annotation setup at the converter implementation.
2023-02-26 10:07:08.564  INFO 85433 --- [127.0.0.1:64294] org.mongodb.driver.cluster               : Monitor thread successfully connected to server with description ServerDescription{address=127.0.0.1:64294, type=STANDALONE, state=CONNECTED, ok=true, version=ServerVersion{versionList=[3, 0, 0]}, minWireVersion=0, maxWireVersion=2, maxDocumentSize=16777216, logicalSessionTimeoutMinutes=null, roundTripTimeNanos=814333}
2023-02-26 10:07:08.564  WARN 85433 --- [    Test worker] o.s.data.convert.CustomConversions       : Registering converter from class java.time.Instant to class java.time.LocalDateTime as reading converter although it doesn't convert from a store-supported type! You might wanna check you annotation setup at the converter implementation.
2023-02-26 10:07:08.721  INFO 85433 --- [-server-worker2] d.b.mongo.wire.MongoWireProtocolHandler  : client [id: 0x2d88bccd, L:/127.0.0.1:64294 - R:/127.0.0.1:64296] connected
2023-02-26 10:07:08.726  INFO 85433 --- [    Test worker] org.mongodb.driver.connection            : Opened connection [connectionId{localValue:2}] to 127.0.0.1:64294
2023-02-26 10:07:08.734  INFO 85433 --- [-server-worker2] d.b.mongo.backend.AbstractMongoBackend   : created database test
2023-02-26 10:07:08.738  INFO 85433 --- [-server-worker2] d.b.mongo.backend.AbstractMongoDatabase  : adding unique _id index for collection employee
2023-02-26 10:07:08.739  INFO 85433 --- [-server-worker2] d.b.mongo.backend.AbstractMongoDatabase  : created collection test.employee
2023-02-26 10:07:08.838  INFO 85433 --- [    Test worker] o.s.s.concurrent.ThreadPoolTaskExecutor  : Initializing ExecutorService 'applicationTaskExecutor'
2023-02-26 10:07:08.943  WARN 85433 --- [    Test worker] o.s.data.convert.CustomConversions       : Registering converter from class java.time.LocalDateTime to class java.time.Instant as reading converter although it doesn't convert from a store-supported type! You might wanna check you annotation setup at the converter implementation.
2023-02-26 10:07:08.943  WARN 85433 --- [    Test worker] o.s.data.convert.CustomConversions       : Registering converter from class java.time.Instant to class java.time.LocalDateTime as reading converter although it doesn't convert from a store-supported type! You might wanna check you annotation setup at the converter implementation.
2023-02-26 10:07:08.954  WARN 85433 --- [    Test worker] o.s.data.convert.CustomConversions       : Registering converter from class java.time.LocalDateTime to class java.time.Instant as reading converter although it doesn't convert from a store-supported type! You might wanna check you annotation setup at the converter implementation.
2023-02-26 10:07:08.954  WARN 85433 --- [    Test worker] o.s.data.convert.CustomConversions       : Registering converter from class java.time.Instant to class java.time.LocalDateTime as reading converter although it doesn't convert from a store-supported type! You might wanna check you annotation setup at the converter implementation.
2023-02-26 10:07:09.006  INFO 85433 --- [    Test worker] o.s.b.w.embedded.tomcat.TomcatWebServer  : Tomcat started on port(s): 64297 (http) with context path ''
2023-02-26 10:07:09.008  INFO 85433 --- [    Test worker] c.m.challenge.ChallengeApplicationTests  : Started ChallengeApplicationTests in 1.339 seconds (JVM running for 1.762)
2023-02-26 10:07:09.227  INFO 85433 --- [o-auto-1-exec-1] o.a.c.c.C.[Tomcat].[localhost].[/]       : Initializing Spring DispatcherServlet 'dispatcherServlet'
2023-02-26 10:07:09.227  INFO 85433 --- [o-auto-1-exec-1] o.s.web.servlet.DispatcherServlet        : Initializing Servlet 'dispatcherServlet'
2023-02-26 10:07:09.238  INFO 85433 --- [o-auto-1-exec-1] o.s.web.servlet.DispatcherServlet        : Completed initialization in 11 ms
2023-02-26 10:07:09.252 DEBUG 85433 --- [o-auto-1-exec-1] c.m.c.controller.EmployeeController      : Received employee create request for [
Employee id: null name: Terry Pegula
 position: Owner/CEO dept: Buffalo Bills
]
2023-02-26 10:07:09.252 DEBUG 85433 --- [o-auto-1-exec-1] c.m.c.service.impl.EmployeeServiceImpl   : Creating employee [
Employee id: null name: Terry Pegula
 position: Owner/CEO dept: Buffalo Bills
]
2023-02-26 10:07:09.265 DEBUG 85433 --- [o-auto-1-exec-2] c.m.c.controller.EmployeeController      : Received employee create request for [
Employee id: null name: Sean McDermott
 position: Head Coach dept: Coaches
]
2023-02-26 10:07:09.266 DEBUG 85433 --- [o-auto-1-exec-2] c.m.c.service.impl.EmployeeServiceImpl   : Creating employee [
Employee id: null name: Sean McDermott
 position: Head Coach dept: Coaches
]
2023-02-26 10:07:09.270 DEBUG 85433 --- [o-auto-1-exec-3] c.m.c.controller.EmployeeController      : Received employee create request for [
Employee id: null name: Leslie Frazier
 position: Defensive Coordinator dept: Coaches
]
2023-02-26 10:07:09.270 DEBUG 85433 --- [o-auto-1-exec-3] c.m.c.service.impl.EmployeeServiceImpl   : Creating employee [
Employee id: null name: Leslie Frazier
 position: Defensive Coordinator dept: Coaches
]
2023-02-26 10:07:09.274 DEBUG 85433 --- [o-auto-1-exec-4] c.m.c.controller.EmployeeController      : Received employee create request for [
Employee id: null name: Ken Dorsey
 position: Offensive Coordinator dept: Coaches
]
2023-02-26 10:07:09.274 DEBUG 85433 --- [o-auto-1-exec-4] c.m.c.service.impl.EmployeeServiceImpl   : Creating employee [
Employee id: null name: Ken Dorsey
 position: Offensive Coordinator dept: Coaches
]
2023-02-26 10:07:09.278 DEBUG 85433 --- [o-auto-1-exec-5] c.m.c.controller.EmployeeController      : Received employee create request for [
Employee id: null name: Matthew Smiley
 position: Special Teams Coordinator dept: Coaches
]
2023-02-26 10:07:09.278 DEBUG 85433 --- [o-auto-1-exec-5] c.m.c.service.impl.EmployeeServiceImpl   : Creating employee [
Employee id: null name: Matthew Smiley
 position: Special Teams Coordinator dept: Coaches
]
2023-02-26 10:07:09.282 DEBUG 85433 --- [o-auto-1-exec-6] c.m.c.controller.EmployeeController      : Received employee create request for [
Employee id: null name: Joe Brady
 position: Quarterbacks dept: Coaches
]
2023-02-26 10:07:09.282 DEBUG 85433 --- [o-auto-1-exec-6] c.m.c.service.impl.EmployeeServiceImpl   : Creating employee [
Employee id: null name: Joe Brady
 position: Quarterbacks dept: Coaches
]
rs1: ReportingStructure id: 3777ae36-e398-408b-8af7-b16949762396  name: Terry Pegula  nbrOfDirectReports: 5

rs2: ReportingStructure id: 6c44fa46-b7d1-4b42-b610-b131a22713ec  name: Sean McDermott  nbrOfDirectReports: 4

rs5: ReportingStructure id: 7710a54f-795e-44be-8154-5ea80e3edd36  name: Matthew Smiley  nbrOfDirectReports: 0

]]></system-out>
  <system-err><![CDATA[]]></system-err>
</testsuite>
